[2026-05-17T07:39:22.492Z] [debug] [vite] connecting...
[2026-05-17T07:39:22.503Z] [debug] [vite] connected.
[2026-05-17T07:39:22.534Z] [info] %cDownload the React DevTools for a better development experience: https://reactjs.org/link/react-devtools font-weight:bold
[2026-05-17T07:39:22.590Z] [warning] ⚠️ React Router Future Flag Warning: React Router will begin wrapping state updates in `React.startTransition` in v7. You can use the `v7_startTransition` future flag to opt-in early. For more information, see https://reactrouter.com/v6/upgrading/future#v7_starttransition.
[2026-05-17T07:39:22.590Z] [warning] ⚠️ React Router Future Flag Warning: Relative route resolution within Splat routes is changing in v7. You can use the `v7_relativeSplatPath` future flag to opt-in early. For more information, see https://reactrouter.com/v6/upgrading/future#v7_relativesplatpath.
[2026-05-17T07:39:22.989Z] [debug] [vite] connecting...
[2026-05-17T07:39:22.998Z] [debug] [vite] connected.
[2026-05-17T07:39:22.999Z] [info] %cDownload the React DevTools for a better development experience: https://reactjs.org/link/react-devtools font-weight:bold
[2026-05-17T07:39:23.065Z] [warning] ⚠️ React Router Future Flag Warning: React Router will begin wrapping state updates in `React.startTransition` in v7. You can use the `v7_startTransition` future flag to opt-in early. For more information, see https://reactrouter.com/v6/upgrading/future#v7_starttransition.
[2026-05-17T07:39:23.065Z] [warning] ⚠️ React Router Future Flag Warning: Relative route resolution within Splat routes is changing in v7. You can use the `v7_relativeSplatPath` future flag to opt-in early. For more information, see https://reactrouter.com/v6/upgrading/future#v7_relativesplatpath.
[2026-05-17T07:39:23.436Z] [debug] [vite] connecting...
[2026-05-17T07:39:23.439Z] [debug] [vite] connected.
[2026-05-17T07:39:23.448Z] [info] %cDownload the React DevTools for a better development experience: https://reactjs.org/link/react-devtools font-weight:bold
[2026-05-17T07:39:23.478Z] [warning] ⚠️ React Router Future Flag Warning: React Router will begin wrapping state updates in `React.startTransition` in v7. You can use the `v7_startTransition` future flag to opt-in early. For more information, see https://reactrouter.com/v6/upgrading/future#v7_starttransition.
[2026-05-17T07:39:23.478Z] [warning] ⚠️ React Router Future Flag Warning: Relative route resolution within Splat routes is changing in v7. You can use the `v7_relativeSplatPath` future flag to opt-in early. For more information, see https://reactrouter.com/v6/upgrading/future#v7_relativesplatpath.
[2026-05-17T07:39:35.148Z] [debug] [vite] connecting...
[2026-05-17T07:39:35.154Z] [debug] [vite] connected.
[2026-05-17T07:39:35.158Z] [info] %cDownload the React DevTools for a better development experience: https://reactjs.org/link/react-devtools font-weight:bold
[2026-05-17T07:39:35.162Z] [warning] ⚠️ React Router Future Flag Warning: React Router will begin wrapping state updates in `React.startTransition` in v7. You can use the `v7_startTransition` future flag to opt-in early. For more information, see https://reactrouter.com/v6/upgrading/future#v7_starttransition.
[2026-05-17T07:39:35.162Z] [warning] ⚠️ React Router Future Flag Warning: Relative route resolution within Splat routes is changing in v7. You can use the `v7_relativeSplatPath` future flag to opt-in early. For more information, see https://reactrouter.com/v6/upgrading/future#v7_relativesplatpath.
[2026-05-17T07:39:35.596Z] [debug] [vite] connecting...
[2026-05-17T07:39:35.604Z] [debug] [vite] connected.
[2026-05-17T07:39:35.612Z] [info] %cDownload the React DevTools for a better development experience: https://reactjs.org/link/react-devtools font-weight:bold
[2026-05-17T07:39:35.617Z] [warning] ⚠️ React Router Future Flag Warning: React Router will begin wrapping state updates in `React.startTransition` in v7. You can use the `v7_startTransition` future flag to opt-in early. For more information, see https://reactrouter.com/v6/upgrading/future#v7_starttransition.
[2026-05-17T07:39:35.617Z] [warning] ⚠️ React Router Future Flag Warning: Relative route resolution within Splat routes is changing in v7. You can use the `v7_relativeSplatPath` future flag to opt-in early. For more information, see https://reactrouter.com/v6/upgrading/future#v7_relativesplatpath.
[2026-05-17T07:39:36.047Z] [debug] [vite] connecting...
[2026-05-17T07:39:36.053Z] [debug] [vite] connected.
[2026-05-17T07:39:36.060Z] [info] %cDownload the React DevTools for a better development experience: https://reactjs.org/link/react-devtools font-weight:bold
[2026-05-17T07:39:36.063Z] [warning] ⚠️ React Router Future Flag Warning: React Router will begin wrapping state updates in `React.startTransition` in v7. You can use the `v7_startTransition` future flag to opt-in early. For more information, see https://reactrouter.com/v6/upgrading/future#v7_starttransition.
[2026-05-17T07:39:36.063Z] [warning] ⚠️ React Router Future Flag Warning: Relative route resolution within Splat routes is changing in v7. You can use the `v7_relativeSplatPath` future flag to opt-in early. For more information, see https://reactrouter.com/v6/upgrading/future#v7_relativesplatpath.
[2026-05-17T07:39:36.499Z] [debug] [vite] connecting...
[2026-05-17T07:39:36.504Z] [debug] [vite] connected.
[2026-05-17T07:39:36.509Z] [info] %cDownload the React DevTools for a better development experience: https://reactjs.org/link/react-devtools font-weight:bold
[2026-05-17T07:39:36.561Z] [warning] ⚠️ React Router Future Flag Warning: React Router will begin wrapping state updates in `React.startTransition` in v7. You can use the `v7_startTransition` future flag to opt-in early. For more information, see https://reactrouter.com/v6/upgrading/future#v7_starttransition.
[2026-05-17T07:39:36.561Z] [warning] ⚠️ React Router Future Flag Warning: Relative route resolution within Splat routes is changing in v7. You can use the `v7_relativeSplatPath` future flag to opt-in early. For more information, see https://reactrouter.com/v6/upgrading/future#v7_relativesplatpath.
[2026-05-17T07:39:36.569Z] [error] Failed to load resource: the server responded with a status of 500 (Internal Server Error)
[2026-05-17T07:39:37.580Z] [error] Failed to load resource: the server responded with a status of 500 (Internal Server Error)
